Traceback (most recent call last):
  File "/opt/anaconda3/lib/python3.7/site-packages/jupyter_cache/executors/utils.py", line 56, in single_nb_execution
    record_timing=False,
  File "/opt/anaconda3/lib/python3.7/site-packages/nbclient/client.py", line 1087, in execute
    return NotebookClient(nb=nb, resources=resources, km=km, **kwargs).execute()
  File "/opt/anaconda3/lib/python3.7/site-packages/nbclient/util.py", line 74, in wrapped
    return just_run(coro(*args, **kwargs))
  File "/opt/anaconda3/lib/python3.7/site-packages/nbclient/util.py", line 53, in just_run
    return loop.run_until_complete(coro)
  File "/opt/anaconda3/lib/python3.7/asyncio/base_events.py", line 587, in run_until_complete
    return future.result()
  File "/opt/anaconda3/lib/python3.7/site-packages/nbclient/client.py", line 541, in async_execute
    cell, index, execution_count=self.code_cells_executed + 1
  File "/opt/anaconda3/lib/python3.7/site-packages/nbclient/client.py", line 832, in async_execute_cell
    self._check_raise_for_error(cell, exec_reply)
  File "/opt/anaconda3/lib/python3.7/site-packages/nbclient/client.py", line 740, in _check_raise_for_error
    raise CellExecutionError.from_cell_and_msg(cell, exec_reply['content'])
nbclient.exceptions.CellExecutionError: An error occurred while executing the following cell:
------------------
display(HTML("<iframe width="800" height="500" frameborder="0" src="https://pythontutor.com/iframe-embed.html#code=%23%20Object-oriented%20programming%20intro%0A%23%20Adapted%20from%20MIT%206.01%20course%20notes%20%28Section%203.5%29%0A%23%20http%3A//mit.edu/6.01/mercurial/spring10/www/handouts/readings.pdf%0A%0Aclass%20Staff601%3A%0A%20%20%20%20course%20%3D%20'6.01'%0A%20%20%20%20building%20%3D%2034%0A%20%20%20%20room%20%3D%20501%0A%0A%20%20%20%20def%20salutation%28self%29%3A%0A%20%20%20%20%20%20%20%20return%20self.role%20%2B%20'%20'%20%2B%20self.name%0A%0Apat%20%3D%20Staff601%28%29%0Aprint%28pat.course%29%0A%0Apat.name%20%3D%20'Pat'%0Apat.age%20%3D%2060%0Apat.role%20%3D%20'Professor'%0A%0Aprint%28pat.building%29%0Apat.building%20%3D%2032%0Aprint%28pat.building%29%0A%0Aprint%28pat.salutation%28%29%29%0Aprint%28Staff601.salutation%28pat%29%29&codeDivHeight=400&codeDivWidth=350&cumulative=false&curInstr=0&heapPrimitives=nevernest&origin=opt-frontend.js&py=3&rawInputLstJSON=%5B%5D&textReferences=false"> </iframe>"))
------------------

[0;36m  File [0;32m"<ipython-input-2-8126adc4515a>"[0;36m, line [0;32m1[0m
[0;31m    display(HTML("<iframe width="800" height="500" frameborder="0" src="https://pythontutor.com/iframe-embed.html#code=%23%20Object-oriented%20programming%20intro%0A%23%20Adapted%20from%20MIT%206.01%20course%20notes%20%28Section%203.5%29%0A%23%20http%3A//mit.edu/6.01/mercurial/spring10/www/handouts/readings.pdf%0A%0Aclass%20Staff601%3A%0A%20%20%20%20course%20%3D%20'6.01'%0A%20%20%20%20building%20%3D%2034%0A%20%20%20%20room%20%3D%20501%0A%0A%20%20%20%20def%20salutation%28self%29%3A%0A%20%20%20%20%20%20%20%20return%20self.role%20%2B%20'%20'%20%2B%20self.name%0A%0Apat%20%3D%20Staff601%28%29%0Aprint%28pat.course%29%0A%0Apat.name%20%3D%20'Pat'%0Apat.age%20%3D%2060%0Apat.role%20%3D%20'Professor'%0A%0Aprint%28pat.building%29%0Apat.building%20%3D%2032%0Aprint%28pat.building%29%0A%0Aprint%28pat.salutation%28%29%29%0Aprint%28Staff601.salutation%28pat%29%29&codeDivHeight=400&codeDivWidth=350&cumulative=false&curInstr=0&heapPrimitives=nevernest&origin=opt-frontend.js&py=3&rawInputLstJSON=%5B%5D&textReferences=false"> </iframe>"))[0m
[0m                                   ^[0m
[0;31mSyntaxError[0m[0;31m:[0m invalid syntax

SyntaxError: invalid syntax (<ipython-input-2-8126adc4515a>, line 1)

